{
  "RSpec": {
    "coverage": {
      "/Users/yehonatanmeschede-krasa/LAprac/Rubyprac/BlackJack/BlackJack5/spec/Card_spec.rb": [
        1,
        null,
        null,
        1,
        null,
        1,
        5,
        1,
        1,
        null,
        1,
        1,
        null,
        1,
        1,
        null,
        1,
        1,
        1,
        null,
        null,
        null,
        1,
        4,
        1,
        1,
        null,
        1,
        1,
        null,
        1,
        1,
        null,
        null,
        null,
        1,
        5,
        1,
        1,
        null,
        1,
        1,
        null,
        1,
        1,
        null,
        1,
        1,
        1,
        null,
        null,
        null
      ],
      "/Users/yehonatanmeschede-krasa/LAprac/Rubyprac/BlackJack/BlackJack5/lib/Card.rb": [
        1,
        1,
        null,
        1,
        334,
        334,
        334,
        102,
        232,
        32,
        null,
        200,
        null,
        null,
        null,
        1,
        3,
        null,
        null
      ],
      "/Users/yehonatanmeschede-krasa/LAprac/Rubyprac/BlackJack/BlackJack5/spec/Deck_spec.rb": [
        1,
        null,
        null,
        1,
        7,
        1,
        1,
        null,
        1,
        1,
        6,
        null,
        1,
        null,
        1,
        1,
        39,
        null,
        1,
        null,
        null,
        1,
        1,
        3,
        3,
        null,
        1,
        1,
        null,
        1,
        1,
        null,
        1,
        1,
        null,
        null,
        null
      ],
      "/Users/yehonatanmeschede-krasa/LAprac/Rubyprac/BlackJack/BlackJack5/lib/Deck.rb": [
        1,
        1,
        1,
        null,
        1,
        6,
        6,
        24,
        216,
        null,
        24,
        96,
        null,
        null,
        null,
        null,
        1,
        3,
        null,
        null,
        null,
        null,
        null,
        null,
        null,
        null
      ],
      "/Users/yehonatanmeschede-krasa/LAprac/Rubyprac/BlackJack/BlackJack5/spec/Hand_spec.rb": [
        1,
        1,
        null,
        null,
        1,
        5,
        5,
        4,
        1,
        5,
        null,
        1,
        1,
        1,
        null,
        null,
        null,
        1,
        null,
        null,
        null,
        1,
        1,
        3,
        3,
        null,
        null,
        null,
        null,
        1,
        3,
        1,
        1,
        null,
        1,
        1,
        null,
        1,
        1,
        1,
        1,
        null,
        null,
        null,
        1,
        null,
        null,
        null,
        1,
        null,
        null,
        null,
        1,
        null,
        null,
        null,
        1,
        null,
        null,
        null,
        null
      ],
      "/Users/yehonatanmeschede-krasa/LAprac/Rubyprac/BlackJack/BlackJack5/lib/Hand.rb": [
        1,
        1,
        null,
        1,
        7,
        null,
        null,
        1,
        1,
        8,
        2,
        1,
        2,
        1,
        1,
        null,
        null,
        null,
        1,
        null,
        null,
        null,
        null,
        1,
        5,
        11,
        null,
        2,
        null,
        null,
        1,
        1,
        null,
        null,
        1,
        0,
        0,
        0,
        0,
        0,
        null,
        0,
        null,
        0,
        0,
        null,
        0,
        null,
        null,
        1,
        0,
        0,
        0,
        0,
        null,
        0,
        null,
        0,
        0,
        null,
        null,
        1,
        0,
        0,
        0,
        0,
        null,
        0,
        null,
        null,
        null,
        null
      ]
    },
    "timestamp": 1479086492
  }
}
